c:\users\timmi\desktop\of_v0.10.1_vs2017_release\libs\openframeworkscompiled\project\vs\obj\win32\release\openframeworkslib.pdb
c:\users\timmi\desktop\of_v0.10.1_vs2017_release\libs\openframeworkscompiled\project\vs\obj\win32\release\ofappglfwwindow.obj
c:\users\timmi\desktop\of_v0.10.1_vs2017_release\libs\openframeworkscompiled\project\vs\obj\win32\release\ofappnowindow.obj
c:\users\timmi\desktop\of_v0.10.1_vs2017_release\libs\openframeworkscompiled\project\vs\obj\win32\release\ofevents.obj
c:\users\timmi\desktop\of_v0.10.1_vs2017_release\libs\openframeworkscompiled\project\vs\obj\win32\release\oftexture.obj
c:\users\timmi\desktop\of_v0.10.1_vs2017_release\libs\openframeworkscompiled\project\vs\obj\win32\release\ofgraphics.obj
c:\users\timmi\desktop\of_v0.10.1_vs2017_release\libs\openframeworkscompiled\project\vs\obj\win32\release\ofmatrix3x3.obj
c:\users\timmi\desktop\of_v0.10.1_vs2017_release\libs\openframeworkscompiled\project\vs\obj\win32\release\ofvec2f.obj
c:\users\timmi\desktop\of_v0.10.1_vs2017_release\libs\openframeworkscompiled\project\vs\obj\win32\release\ofsoundbuffer.obj
c:\users\timmi\desktop\of_v0.10.1_vs2017_release\libs\openframeworkscompiled\project\vs\obj\win32\release\ofrectangle.obj
c:\users\timmi\desktop\of_v0.10.1_vs2017_release\libs\openframeworkscompiled\project\vs\obj\win32\release\oftimer.obj
c:\users\timmi\desktop\of_v0.10.1_vs2017_release\libs\openframeworkscompiled\project\vs\obj\win32\release\ofdirectshowgrabber.obj
c:\users\timmi\desktop\of_v0.10.1_vs2017_release\libs\openframeworkscompiled\project\vs\obj\win32\release\of3dutils.obj
c:\users\timmi\desktop\of_v0.10.1_vs2017_release\libs\openframeworkscompiled\project\vs\obj\win32\release\ofbaseapp.obj
c:\users\timmi\desktop\of_v0.10.1_vs2017_release\libs\openframeworkscompiled\project\vs\obj\win32\release\offbo.obj
c:\users\timmi\desktop\of_v0.10.1_vs2017_release\libs\openframeworkscompiled\project\vs\obj\win32\release\ofvbomesh.obj
c:\users\timmi\desktop\of_v0.10.1_vs2017_release\libs\openframeworkscompiled\project\vs\obj\win32\release\ofpath.obj
c:\users\timmi\desktop\of_v0.10.1_vs2017_release\libs\openframeworkscompiled\project\vs\obj\win32\release\ofquaternion.obj
c:\users\timmi\desktop\of_v0.10.1_vs2017_release\libs\openframeworkscompiled\project\vs\obj\win32\release\ofrtaudiosoundstream.obj
c:\users\timmi\desktop\of_v0.10.1_vs2017_release\libs\openframeworkscompiled\project\vs\obj\win32\release\offpscounter.obj
c:\users\timmi\desktop\of_v0.10.1_vs2017_release\libs\openframeworkscompiled\project\vs\obj\win32\release\ofmatrixstack.obj
c:\users\timmi\desktop\of_v0.10.1_vs2017_release\libs\openframeworkscompiled\project\vs\obj\win32\release\ofvideograbber.obj
c:\users\timmi\desktop\of_v0.10.1_vs2017_release\libs\openframeworkscompiled\project\vs\obj\win32\release\of3dprimitives.obj
c:\users\timmi\desktop\of_v0.10.1_vs2017_release\libs\openframeworkscompiled\project\vs\obj\win32\release\ofmaterial.obj
c:\users\timmi\desktop\of_v0.10.1_vs2017_release\libs\openframeworkscompiled\project\vs\obj\win32\release\ofcairorenderer.obj
c:\users\timmi\desktop\of_v0.10.1_vs2017_release\libs\openframeworkscompiled\project\vs\obj\win32\release\ofmatrix4x4.obj
c:\users\timmi\desktop\of_v0.10.1_vs2017_release\libs\openframeworkscompiled\project\vs\obj\win32\release\ofsoundbasetypes.obj
c:\users\timmi\desktop\of_v0.10.1_vs2017_release\libs\openframeworkscompiled\project\vs\obj\win32\release\ofparametergroup.obj
c:\users\timmi\desktop\of_v0.10.1_vs2017_release\libs\openframeworkscompiled\project\vs\obj\win32\release\ofdirectshowplayer.obj
c:\users\timmi\desktop\of_v0.10.1_vs2017_release\libs\openframeworkscompiled\project\vs\obj\win32\release\ofnode.obj
c:\users\timmi\desktop\of_v0.10.1_vs2017_release\libs\openframeworkscompiled\project\vs\obj\win32\release\ofglrenderer.obj
c:\users\timmi\desktop\of_v0.10.1_vs2017_release\libs\openframeworkscompiled\project\vs\obj\win32\release\ofbitmapfont.obj
c:\users\timmi\desktop\of_v0.10.1_vs2017_release\libs\openframeworkscompiled\project\vs\obj\win32\release\ofrenderercollection.obj
c:\users\timmi\desktop\of_v0.10.1_vs2017_release\libs\openframeworkscompiled\project\vs\obj\win32\release\ofsoundplayer.obj
c:\users\timmi\desktop\of_v0.10.1_vs2017_release\libs\openframeworkscompiled\project\vs\obj\win32\release\offileutils.obj
c:\users\timmi\desktop\of_v0.10.1_vs2017_release\libs\openframeworkscompiled\project\vs\obj\win32\release\ofutils.obj
c:\users\timmi\desktop\of_v0.10.1_vs2017_release\libs\openframeworkscompiled\project\vs\obj\win32\release\ofglutils.obj
c:\users\timmi\desktop\of_v0.10.1_vs2017_release\libs\openframeworkscompiled\project\vs\obj\win32\release\of3dgraphics.obj
c:\users\timmi\desktop\of_v0.10.1_vs2017_release\libs\openframeworkscompiled\project\vs\obj\win32\release\oftessellator.obj
c:\users\timmi\desktop\of_v0.10.1_vs2017_release\libs\openframeworkscompiled\project\vs\obj\win32\release\ofvec4f.obj
c:\users\timmi\desktop\of_v0.10.1_vs2017_release\libs\openframeworkscompiled\project\vs\obj\win32\release\ofbasetypes.obj
c:\users\timmi\desktop\of_v0.10.1_vs2017_release\libs\openframeworkscompiled\project\vs\obj\win32\release\ofurlfileloader.obj
c:\users\timmi\desktop\of_v0.10.1_vs2017_release\libs\openframeworkscompiled\project\vs\obj\win32\release\ofserial.obj
c:\users\timmi\desktop\of_v0.10.1_vs2017_release\libs\openframeworkscompiled\project\vs\obj\win32\release\ofeasycam.obj
c:\users\timmi\desktop\of_v0.10.1_vs2017_release\libs\openframeworkscompiled\project\vs\obj\win32\release\ofbufferobject.obj
c:\users\timmi\desktop\of_v0.10.1_vs2017_release\libs\openframeworkscompiled\project\vs\obj\win32\release\ofglprogrammablerenderer.obj
c:\users\timmi\desktop\of_v0.10.1_vs2017_release\libs\openframeworkscompiled\project\vs\obj\win32\release\ofgraphicsbasetypes.obj
c:\users\timmi\desktop\of_v0.10.1_vs2017_release\libs\openframeworkscompiled\project\vs\obj\win32\release\ofpixels.obj
c:\users\timmi\desktop\of_v0.10.1_vs2017_release\libs\openframeworkscompiled\project\vs\obj\win32\release\offmodsoundplayer.obj
c:\users\timmi\desktop\of_v0.10.1_vs2017_release\libs\openframeworkscompiled\project\vs\obj\win32\release\ofcolor.obj
c:\users\timmi\desktop\of_v0.10.1_vs2017_release\libs\openframeworkscompiled\project\vs\obj\win32\release\ofsystemutils.obj
c:\users\timmi\desktop\of_v0.10.1_vs2017_release\libs\openframeworkscompiled\project\vs\obj\win32\release\ofvideoplayer.obj
c:\users\timmi\desktop\of_v0.10.1_vs2017_release\libs\openframeworkscompiled\project\vs\obj\win32\release\ofapprunner.obj
c:\users\timmi\desktop\of_v0.10.1_vs2017_release\libs\openframeworkscompiled\project\vs\obj\win32\release\oflight.obj
c:\users\timmi\desktop\of_v0.10.1_vs2017_release\libs\openframeworkscompiled\project\vs\obj\win32\release\ofvbo.obj
c:\users\timmi\desktop\of_v0.10.1_vs2017_release\libs\openframeworkscompiled\project\vs\obj\win32\release\ofimage.obj
c:\users\timmi\desktop\of_v0.10.1_vs2017_release\libs\openframeworkscompiled\project\vs\obj\win32\release\ofmath.obj
c:\users\timmi\desktop\of_v0.10.1_vs2017_release\libs\openframeworkscompiled\project\vs\obj\win32\release\ofsoundstream.obj
c:\users\timmi\desktop\of_v0.10.1_vs2017_release\libs\openframeworkscompiled\project\vs\obj\win32\release\oflog.obj
c:\users\timmi\desktop\of_v0.10.1_vs2017_release\libs\openframeworkscompiled\project\vs\obj\win32\release\ofxml.obj
c:\users\timmi\desktop\of_v0.10.1_vs2017_release\libs\openframeworkscompiled\project\vs\obj\win32\release\ofcamera.obj
c:\users\timmi\desktop\of_v0.10.1_vs2017_release\libs\openframeworkscompiled\project\vs\obj\win32\release\ofmainloop.obj
c:\users\timmi\desktop\of_v0.10.1_vs2017_release\libs\openframeworkscompiled\project\vs\obj\win32\release\ofshader.obj
c:\users\timmi\desktop\of_v0.10.1_vs2017_release\libs\openframeworkscompiled\project\vs\obj\win32\release\oftruetypefont.obj
c:\users\timmi\desktop\of_v0.10.1_vs2017_release\libs\openframeworkscompiled\project\vs\obj\win32\release\ofparameter.obj
c:\users\timmi\desktop\of_v0.10.1_vs2017_release\libs\openframeworkscompiled\project\vs\obj\win32\release\ofthread.obj
c:\users\timmi\desktop\of_v0.10.1_vs2017_release\libs\openframeworkscompiled\project\vs\obj\win32\release\ofarduino.obj
c:\users\timmi\desktop\of_v0.10.1_vs2017_release\libs\openframeworkscompiled\lib\vs\win32\openframeworkslib.lib
d:\timmi\!work\testapplications\rotatingrectangle\libs\openframeworkscompiled\project\vs\obj\win32\release\openfram.5837595d.tlog\cl.command.1.tlog
d:\timmi\!work\testapplications\rotatingrectangle\libs\openframeworkscompiled\project\vs\obj\win32\release\openfram.5837595d.tlog\cl.read.1.tlog
d:\timmi\!work\testapplications\rotatingrectangle\libs\openframeworkscompiled\project\vs\obj\win32\release\openfram.5837595d.tlog\cl.write.1.tlog
d:\timmi\!work\testapplications\rotatingrectangle\libs\openframeworkscompiled\project\vs\obj\win32\release\openfram.5837595d.tlog\lib-link.write.1.tlog
d:\timmi\!work\testapplications\rotatingrectangle\libs\openframeworkscompiled\project\vs\obj\win32\release\openfram.5837595d.tlog\lib.command.1.tlog
d:\timmi\!work\testapplications\rotatingrectangle\libs\openframeworkscompiled\project\vs\obj\win32\release\openfram.5837595d.tlog\lib.read.1.tlog
